<?xml version="1.0" encoding="utf-8"?><testsuites><testsuite name="pytest" errors="0" failures="0" skipped="0" tests="67" time="349.561" timestamp="2025-04-08T15:49:36.448987+01:00" hostname="tobfer-Latitude-5431"><testcase classname="tests.test_01_config_metadata.TestConfigMetadataClass" name="test_build_metadata" file="tests/test_01_config_metadata.py" line="123" time="2.261" /><testcase classname="tests.test_01_config_metadata.TestConfigMetadataClass" name="test_config_class" file="tests/test_01_config_metadata.py" line="23" time="0.006" /><testcase classname="tests.test_01_config_metadata.TestConfigMetadataClass" name="test_config_class_errors" file="tests/test_01_config_metadata.py" line="48" time="0.008" /><testcase classname="tests.test_01_config_metadata.TestConfigMetadataClass" name="test_config_class_warning" file="tests/test_01_config_metadata.py" line="34" time="0.001" /><testcase classname="tests.test_01_config_metadata.TestConfigMetadataClass" name="test_metadata_conventions" file="tests/test_01_config_metadata.py" line="89" time="0.179" /><testcase classname="tests.test_01_config_metadata.TestConfigMetadataClass" name="test_metadata_error" file="tests/test_01_config_metadata.py" line="140" time="0.088" /><testcase classname="tests.test_01_config_metadata.TestConfigMetadataClass" name="test_metadata_error_ifdo" file="tests/test_01_config_metadata.py" line="165" time="50.644" /><testcase classname="tests.test_01_config_metadata.TestConfigMetadataClass" name="test_parsing_config_file" file="tests/test_01_config_metadata.py" line="60" time="0.462" /><testcase classname="tests.test_01_config_metadata.TestConfigMetadataClass" name="test_parsing_metadata" file="tests/test_01_config_metadata.py" line="67" time="0.467" /><testcase classname="tests.test_02_simple_processing.TestSimpleProcessing" name="test_open_layer_class" file="tests/test_02_simple_processing.py" line="21" time="2.113" /><testcase classname="tests.test_02_simple_processing.TestSimpleProcessing" name="test_processing_without_conf_file" file="tests/test_02_simple_processing.py" line="78" time="0.921" /><testcase classname="tests.test_03_pipeline.TestSimplePipeline" name="test_force_error_verbose" file="tests/test_03_pipeline.py" line="114" time="0.004" /><testcase classname="tests.test_03_pipeline.TestSimplePipeline" name="test_simple_pipeline" file="tests/test_03_pipeline.py" line="22" time="4.883" /><testcase classname="tests.test_03_pipeline.TestSimplePipeline" name="test_simple_pipeline_uint16" file="tests/test_03_pipeline.py" line="67" time="3.237" /><testcase classname="tests.test_04_pipeline_testing_steps.TestPipelineTestSteps" name="test_pipeline_testing_step_altitude" file="tests/test_04_pipeline_testing_steps.py" line="309" time="4.540" /><testcase classname="tests.test_04_pipeline_testing_steps.TestPipelineTestSteps" name="test_pipeline_testing_step_depth" file="tests/test_04_pipeline_testing_steps.py" line="237" time="2.535" /><testcase classname="tests.test_04_pipeline_testing_steps.TestPipelineTestSteps" name="test_pipeline_testing_step_fixed" file="tests/test_04_pipeline_testing_steps.py" line="164" time="2.727" /><testcase classname="tests.test_04_pipeline_testing_steps.TestPipelineTestSteps" name="test_pipeline_testing_step_obscure_one_channel" file="tests/test_04_pipeline_testing_steps.py" line="637" time="1.884" /><testcase classname="tests.test_04_pipeline_testing_steps.TestPipelineTestSteps" name="test_pipeline_testing_step_obscure_three_channels" file="tests/test_04_pipeline_testing_steps.py" line="557" time="5.411" /><testcase classname="tests.test_04_pipeline_testing_steps.TestPipelineTestSteps" name="test_pipeline_testing_step_percent" file="tests/test_04_pipeline_testing_steps.py" line="114" time="2.083" /><testcase classname="tests.test_04_pipeline_testing_steps.TestPipelineTestSteps" name="test_pipeline_testing_step_pitch_roll" file="tests/test_04_pipeline_testing_steps.py" line="359" time="2.122" /><testcase classname="tests.test_04_pipeline_testing_steps.TestPipelineTestSteps" name="test_pipeline_testing_step_region_file" file="tests/test_04_pipeline_testing_steps.py" line="409" time="3.303" /><testcase classname="tests.test_04_pipeline_testing_steps.TestPipelineTestSteps" name="test_pipeline_testing_step_region_limits" file="tests/test_04_pipeline_testing_steps.py" line="490" time="2.522" /><testcase classname="tests.test_04_pipeline_testing_steps.TestPipelineTestSteps" name="test_pipeline_testing_steps" file="tests/test_04_pipeline_testing_steps.py" line="26" time="3.644" /><testcase classname="tests.test_05_pipeline_interaction.TestPipelineInteraction" name="test_pipeline_export" file="tests/test_05_pipeline_interaction.py" line="57" time="5.606" /><testcase classname="tests.test_05_pipeline_interaction.TestPipelineInteraction" name="test_pipeline_interaction" file="tests/test_05_pipeline_interaction.py" line="21" time="7.242" /><testcase classname="tests.test_05_pipeline_interaction.TestPipelineInteraction" name="test_raise_error" file="tests/test_05_pipeline_interaction.py" line="86" time="0.638" /><testcase classname="tests.test_06_pipeline_ifdo.TestPipelineIfdo" name="test_pipeline_ifdo" file="tests/test_06_pipeline_ifdo.py" line="20" time="60.018" /><testcase classname="tests.test_07_pipeline_generation.TestPipelineGenerator" name="test_pipeline_generator1" file="tests/test_07_pipeline_generation.py" line="18" time="1.628" /><testcase classname="tests.test_07_pipeline_generation.TestPipelineGenerator" name="test_pipeline_generator2" file="tests/test_07_pipeline_generation.py" line="47" time="1.819" /><testcase classname="tests.test_08_pipeline_dask.TestPipelineDask" name="test_parallel_processing_dask" file="tests/test_08_pipeline_dask.py" line="20" time="6.067" /><testcase classname="tests.test_09_pipeline_custom_algorithm.TestPipelineCustomAlgorithm" name="test_custom_algorithm" file="tests/test_09_pipeline_custom_algorithm.py" line="21" time="1.462" /><testcase classname="tests.test_09_pipeline_custom_algorithm.TestPipelineCustomAlgorithm" name="test_custom_algorithm2" file="tests/test_09_pipeline_custom_algorithm.py" line="40" time="0.937" /><testcase classname="tests.test_09_pipeline_custom_algorithm.TestPipelineCustomAlgorithm" name="test_custom_algorithm_error" file="tests/test_09_pipeline_custom_algorithm.py" line="66" time="0.022" /><testcase classname="tests.test_10_dask_cluster.TestDaskCluster" name="test_dask_cluster" file="tests/test_10_dask_cluster.py" line="19" time="30.745" /><testcase classname="tests.test_11_data_utils.TestDataUtils" name="test_data_utils_error_dataset" file="tests/test_11_data_utils.py" line="17" time="0.002" /><testcase classname="tests.test_11_data_utils.TestDataUtils" name="test_remove_dataset_and_download_again" file="tests/test_11_data_utils.py" line="24" time="0.627" /><testcase classname="tests.test_12_convert_layer.TestConvertLayer" name="test_convert_bits_one" file="tests/test_12_convert_layer.py" line="24" time="2.740" /><testcase classname="tests.test_12_convert_layer.TestConvertLayer" name="test_convert_bits_several" file="tests/test_12_convert_layer.py" line="43" time="2.180" /><testcase classname="tests.test_12_convert_layer.TestConvertLayer" name="test_convert_crop_one" file="tests/test_12_convert_layer.py" line="227" time="2.403" /><testcase classname="tests.test_12_convert_layer.TestConvertLayer" name="test_convert_crop_several" file="tests/test_12_convert_layer.py" line="266" time="2.600" /><testcase classname="tests.test_12_convert_layer.TestConvertLayer" name="test_convert_normalise_one" file="tests/test_12_convert_layer.py" line="106" time="1.296" /><testcase classname="tests.test_12_convert_layer.TestConvertLayer" name="test_convert_normalise_several" file="tests/test_12_convert_layer.py" line="132" time="1.711" /><testcase classname="tests.test_12_convert_layer.TestConvertLayer" name="test_convert_resize_one" file="tests/test_12_convert_layer.py" line="159" time="2.579" /><testcase classname="tests.test_12_convert_layer.TestConvertLayer" name="test_convert_resize_several" file="tests/test_12_convert_layer.py" line="193" time="2.678" /><testcase classname="tests.test_12_convert_layer.TestConvertLayer" name="test_convert_to_one" file="tests/test_12_convert_layer.py" line="61" time="1.562" /><testcase classname="tests.test_12_convert_layer.TestConvertLayer" name="test_convert_to_several" file="tests/test_12_convert_layer.py" line="82" time="3.058" /><testcase classname="tests.test_13_colour_layer.TestColourLayer" name="test_colour_alteration_one" file="tests/test_13_colour_layer.py" line="258" time="6.323" /><testcase classname="tests.test_13_colour_layer.TestColourLayer" name="test_colour_alteration_several" file="tests/test_13_colour_layer.py" line="273" time="2.773" /><testcase classname="tests.test_13_colour_layer.TestColourLayer" name="test_colour_contrast_one" file="tests/test_13_colour_layer.py" line="148" time="3.528" /><testcase classname="tests.test_13_colour_layer.TestColourLayer" name="test_colour_contrast_several" file="tests/test_13_colour_layer.py" line="166" time="1.610" /><testcase classname="tests.test_13_colour_layer.TestColourLayer" name="test_colour_deblur_one" file="tests/test_13_colour_layer.py" line="220" time="6.031" /><testcase classname="tests.test_13_colour_layer.TestColourLayer" name="test_colour_deblur_several" file="tests/test_13_colour_layer.py" line="239" time="15.279" /><testcase classname="tests.test_13_colour_layer.TestColourLayer" name="test_colour_gaussian_blur_one" file="tests/test_13_colour_layer.py" line="76" time="1.423" /><testcase classname="tests.test_13_colour_layer.TestColourLayer" name="test_colour_gaussian_blur_several" file="tests/test_13_colour_layer.py" line="94" time="1.477" /><testcase classname="tests.test_13_colour_layer.TestColourLayer" name="test_colour_grayscale_one" file="tests/test_13_colour_layer.py" line="50" time="3.135" /><testcase classname="tests.test_13_colour_layer.TestColourLayer" name="test_colour_grayscale_several" file="tests/test_13_colour_layer.py" line="23" time="3.113" /><testcase classname="tests.test_13_colour_layer.TestColourLayer" name="test_colour_illumination_one" file="tests/test_13_colour_layer.py" line="184" time="2.204" /><testcase classname="tests.test_13_colour_layer.TestColourLayer" name="test_colour_illumination_several" file="tests/test_13_colour_layer.py" line="202" time="2.778" /><testcase classname="tests.test_13_colour_layer.TestColourLayer" name="test_colour_sharpen_one" file="tests/test_13_colour_layer.py" line="112" time="2.313" /><testcase classname="tests.test_13_colour_layer.TestColourLayer" name="test_colour_sharpen_several" file="tests/test_13_colour_layer.py" line="130" time="1.454" /><testcase classname="tests.test_13_colour_layer.TestColourLayer" name="test_edge_one" file="tests/test_13_colour_layer.py" line="292" time="35.370" /><testcase classname="tests.test_13_colour_layer.TestColourLayer" name="test_edge_several" file="tests/test_13_colour_layer.py" line="313" time="4.226" /><testcase classname="tests.test_14_position_layer.TestPositionLayer" name="test_position_layer" file="tests/test_14_position_layer.py" line="21" time="3.675" /><testcase classname="tests.test_14_position_layer.TestPositionLayer" name="test_position_layer_error" file="tests/test_14_position_layer.py" line="39" time="1.185" /><testcase classname="tests.test_15_track_changes.TestTrackChanges" name="test_processing_no_track_changes" file="tests/test_15_track_changes.py" line="19" time="3.571" /><testcase classname="tests.test_16_remote.TestTrackChanges" name="test_processing_remote" file="tests/test_16_remote.py" line="15" time="0.003" /></testsuite></testsuites>